#
# There is insufficient memory for the Java Runtime Environment to continue.
# Native memory allocation (mmap) failed to map 2097152 bytes for G1 virtual space
# Possible reasons:
#   The system is out of physical RAM or swap space
#   The process is running with CompressedOops enabled, and the Java Heap may be blocking the growth of the native heap
# Possible solutions:
#   Reduce memory load on the system
#   Increase physical memory or swap space
#   Check if swap backing store is full
#   Decrease Java heap size (-Xmx/-Xms)
#   Decrease number of Java threads
#   Decrease Java thread stack sizes (-Xss)
#   Set larger code cache with -XX:ReservedCodeCacheSize=
#   JVM is running with Unscaled Compressed Oops mode in which the Java heap is
#     placed in the first 4GB address space. The Java Heap base address is the
#     maximum limit for the native heap growth. Please use -XX:HeapBaseMinAddress
#     to set the Java Heap base and to place the Java Heap above 4GB virtual address.
# This output file may be truncated or incomplete.
#
#  Out of Memory Error (os_windows.cpp:3530), pid=36820, tid=62796
#
# JRE version: Java(TM) SE Runtime Environment (18.0.2.1+1) (build 18.0.2.1+1-1)
# Java VM: Java HotSpot(TM) 64-Bit Server VM (18.0.2.1+1-1, mixed mode, sharing, tiered, compressed oops, compressed class ptrs, g1 gc, windows-amd64)
# No core dump will be written. Minidumps are not enabled by default on client versions of Windows
#

---------------  S U M M A R Y ------------

Command Line: -Dapplication.home=C:\Program Files\Java\jdk-18.0.2.1 --add-modules=ALL-DEFAULT -Xms8m -Djdk.module.main=jdk.compiler jdk.compiler/com.sun.tools.javac.Main HolaMundoApplication.java

Host: Intel(R) Pentium(R) CPU 6405U @ 2.40GHz, 4 cores, 3G,  Windows 11 , 64 bit Build 22000 (10.0.22000.708)
Time: Sun Sep 11 00:56:26 2022 Hora de ver. Pacífico (México) elapsed time: 2.466898 seconds (0d 0h 0m 2s)

---------------  T H R E A D  ---------------

Current thread (0x000001c29f6770f0):  VMThread "VM Thread" [stack: 0x0000001354800000,0x0000001354900000] [id=62796]

Stack: [0x0000001354800000,0x0000001354900000]
Native frames: (J=compiled Java code, j=interpreted, Vv=VM code, C=native code)
V  [jvm.dll+0x6993aa]
V  [jvm.dll+0x7f46dd]
V  [jvm.dll+0x7f5fee]
V  [jvm.dll+0x7f66a3]
V  [jvm.dll+0x25cf1f]
V  [jvm.dll+0x6962f9]
V  [jvm.dll+0x68ae2a]
V  [jvm.dll+0x32255b]
V  [jvm.dll+0x329f36]
V  [jvm.dll+0x37eade]
V  [jvm.dll+0x37ed0f]
V  [jvm.dll+0x2fa2da]
V  [jvm.dll+0x2fa387]
V  [jvm.dll+0x33e8c2]
V  [jvm.dll+0x33ce64]
V  [jvm.dll+0x2f9ab0]
V  [jvm.dll+0x33c43b]
V  [jvm.dll+0x7fb48b]
V  [jvm.dll+0x7fc224]
V  [jvm.dll+0x7fc75c]
V  [jvm.dll+0x7fcbb4]
V  [jvm.dll+0x7fcc77]
V  [jvm.dll+0x7a120a]
V  [jvm.dll+0x698255]
C  [ucrtbase.dll+0x26c0c]
C  [KERNEL32.DLL+0x154e0]
C  [ntdll.dll+0x485b]

VM_Operation (0x00000013542fe5c0): G1CollectForAllocation, mode: safepoint, requested by thread 0x000001c29f5ade00


---------------  P R O C E S S  ---------------

Threads class SMR info:
_java_thread_list=0x000001c2c0ce2ac0, length=12, elements={
0x000001c29f5ade00, 0x000001c29f67bec0, 0x000001c29f67d000, 0x000001c2bc7030e0,
0x000001c2bc703a80, 0x000001c2bc704420, 0x000001c2bc704dc0, 0x000001c2bc706db0,
0x000001c2bc7086b0, 0x000001c2bc709740, 0x000001c2bc808200, 0x000001c2c0ce6c00
}

Java Threads: ( => current thread )
  0x000001c29f5ade00 JavaThread "main" [_thread_blocked, id=51376, stack(0x0000001354200000,0x0000001354300000)]
  0x000001c29f67bec0 JavaThread "Reference Handler" daemon [_thread_blocked, id=58632, stack(0x0000001354900000,0x0000001354a00000)]
  0x000001c29f67d000 JavaThread "Finalizer" daemon [_thread_blocked, id=59936, stack(0x0000001354a00000,0x0000001354b00000)]
  0x000001c2bc7030e0 JavaThread "Signal Dispatcher" daemon [_thread_blocked, id=30452, stack(0x0000001354b00000,0x0000001354c00000)]
  0x000001c2bc703a80 JavaThread "Attach Listener" daemon [_thread_blocked, id=63924, stack(0x0000001354c00000,0x0000001354d00000)]
  0x000001c2bc704420 JavaThread "Service Thread" daemon [_thread_blocked, id=53536, stack(0x0000001354d00000,0x0000001354e00000)]
  0x000001c2bc704dc0 JavaThread "Monitor Deflation Thread" daemon [_thread_blocked, id=57328, stack(0x0000001354e00000,0x0000001354f00000)]
  0x000001c2bc706db0 JavaThread "C2 CompilerThread0" daemon [_thread_blocked, id=63944, stack(0x0000001354f00000,0x0000001355000000)]
  0x000001c2bc7086b0 JavaThread "C1 CompilerThread0" daemon [_thread_blocked, id=50248, stack(0x0000001355000000,0x0000001355100000)]
  0x000001c2bc709740 JavaThread "Sweeper thread" daemon [_thread_blocked, id=64060, stack(0x0000001355100000,0x0000001355200000)]
  0x000001c2bc808200 JavaThread "Common-Cleaner" daemon [_thread_blocked, id=63316, stack(0x0000001355200000,0x0000001355300000)]
  0x000001c2c0ce6c00 JavaThread "Notification Thread" daemon [_thread_blocked, id=35700, stack(0x0000001355300000,0x0000001355400000)]

Other Threads:
=>0x000001c29f6770f0 VMThread "VM Thread" [stack: 0x0000001354800000,0x0000001354900000] [id=62796]
  0x000001c2c0d2abc0 WatcherThread "VM Periodic Task Thread" [stack: 0x0000001355400000,0x0000001355500000] [id=64048]
  0x000001c29f5ede40 WorkerThread "GC Thread#0" [stack: 0x0000001354300000,0x0000001354400000] [id=60928]
  0x000001c2c0db0ba0 WorkerThread "GC Thread#1" [stack: 0x0000001355500000,0x0000001355600000] [id=58688]
  0x000001c2c0db1b00 WorkerThread "GC Thread#2" [stack: 0x0000001355600000,0x0000001355700000] [id=64244]
  0x000001c2c0ed5060 WorkerThread "GC Thread#3" [stack: 0x0000001355700000,0x0000001355800000] [id=64224]
  0x000001c29f5f7880 ConcurrentGCThread "G1 Main Marker" [stack: 0x0000001354400000,0x0000001354500000] [id=39008]
  0x000001c29f5f8270 WorkerThread "G1 Conc#0" [stack: 0x0000001354500000,0x0000001354600000] [id=63892]
  0x000001c29f60bcf0 ConcurrentGCThread "G1 Refine#0" [stack: 0x0000001354600000,0x0000001354700000] [id=62952]
  0x000001c29f60e610 ConcurrentGCThread "G1 Service" [stack: 0x0000001354700000,0x0000001354800000] [id=56572]

Threads with active compile tasks:
C2 CompilerThread0     2496  820       4       java.util.HashMap::put (13 bytes)

VM state: at safepoint (normal execution)

VM Mutex/Monitor currently owned by a thread:  ([mutex/lock_event])
[0x000001c29f5a79f0] Threads_lock - owner thread: 0x000001c29f6770f0
[0x000001c29f5a7690] Heap_lock - owner thread: 0x000001c29f5ade00

Heap address: 0x00000000c2800000, size: 984 MB, Compressed Oops mode: 32-bit

CDS archive(s) mapped at: [0x0000000800000000-0x0000000800ba0000-0x0000000800ba0000), size 12189696, SharedBaseAddress: 0x0000000800000000, ArchiveRelocationMode: 0.
Compressed class space mapped at: 0x0000000800c00000-0x0000000840c00000, reserved size: 1073741824
Narrow klass base: 0x0000000800000000, Narrow klass shift: 0, Narrow klass range: 0x100000000

GC Precious Log:
 CardTable entry size: 512
 Card Set container configuration: InlinePtr #cards 5 size 8 Array Of Cards #cards 12 size 40 Howl #buckets 4 coarsen threshold 1843 Howl Bitmap #cards 512 size 80 coarsen threshold 460 Card regions per heap region 1 cards per card region 2048
 CPUs: 4 total, 4 available
 Memory: 3930M
 Large Page Support: Disabled
 NUMA Support: Disabled
 Compressed Oops: Enabled (32-bit)
 Heap Region Size: 1M
 Heap Min Capacity: 8M
 Heap Initial Capacity: 8M
 Heap Max Capacity: 984M
 Pre-touch: Disabled
 Parallel Workers: 4
 Concurrent Workers: 1
 Concurrent Refinement Workers: 4
 Periodic GC: Disabled

Heap:
 garbage-first heap   total 8192K, used 2870K [0x00000000c2800000, 0x0000000100000000)
  region size 1024K, 1 young (1024K), 1 survivors (1024K)
 Metaspace       used 7696K, committed 7872K, reserved 1114112K
  class space    used 870K, committed 896K, reserved 1048576K

Heap Regions: E=young(eden), S=young(survivor), O=old, HS=humongous(starts), HC=humongous(continues), CS=collection set, F=free, OA=open archive, CA=closed archive, TAMS=top-at-mark-start (previous, next)
|   0|0x00000000c2800000, 0x00000000c2900000, 0x00000000c2900000|100%| O|  |TAMS 0x00000000c2800000, 0x00000000c2800000| Untracked 
|   1|0x00000000c2900000, 0x00000000c2a00000, 0x00000000c2a00000|100%| O|  |TAMS 0x00000000c2900000, 0x00000000c2900000| Untracked 
|   2|0x00000000c2a00000, 0x00000000c2a24600, 0x00000000c2b00000| 14%| O|  |TAMS 0x00000000c2a00000, 0x00000000c2a00000| Untracked 
|   3|0x00000000c2b00000, 0x00000000c2b00000, 0x00000000c2c00000|  0%| F|  |TAMS 0x00000000c2b00000, 0x00000000c2b00000| Untracked 
|   4|0x00000000c2c00000, 0x00000000c2c00000, 0x00000000c2d00000|  0%| F|  |TAMS 0x00000000c2c00000, 0x00000000c2c00000| Untracked 
|   5|0x00000000c2d00000, 0x00000000c2da9280, 0x00000000c2e00000| 66%| S|CS|TAMS 0x00000000c2d00000, 0x00000000c2d00000| Complete 
|   6|0x00000000c2e00000, 0x00000000c2e00000, 0x00000000c2f00000|  0%| F|  |TAMS 0x00000000c2e00000, 0x00000000c2e00000| Untracked 
|   7|0x00000000c2f00000, 0x00000000c2f00000, 0x00000000c3000000|  0%| F|  |TAMS 0x00000000c2f00000, 0x00000000c2f00000| Untracked 

Card table byte_map: [0x000001c2b7f00000,0x000001c2b80f0000] _byte_map_base: 0x000001c2b78ec000

Marking Bits (Prev, Next): (CMBitMap*) 0x000001c29f5ef450, (CMBitMap*) 0x000001c29f5ef490
 Prev Bits: [0x000001c2b82e0000, 0x000001c2b9240000)
 Next Bits: [0x000001c2b9240000, 0x000001c2ba1a0000)

Polling page: 0x000001c29f680000

Metaspace:

Usage:
  Non-class:      6.67 MB used.
      Class:    870.20 KB used.
       Both:      7.52 MB used.

Virtual space:
  Non-class space:       64.00 MB reserved,       6.81 MB ( 11%) committed,  1 nodes.
      Class space:        1.00 GB reserved,     896.00 KB ( <1%) committed,  1 nodes.
             Both:        1.06 GB reserved,       7.69 MB ( <1%) committed. 

Chunk freelists:
   Non-Class:  2.67 MB
       Class:  3.00 MB
        Both:  5.67 MB

MaxMetaspaceSize: unlimited
CompressedClassSpaceSize: 1.00 GB
Initial GC threshold: 21.00 MB
Current GC threshold: 21.00 MB
CDS: on
MetaspaceReclaimPolicy: balanced
 - commit_granule_bytes: 65536.
 - commit_granule_words: 8192.
 - virtual_space_node_default_size: 8388608.
 - enlarge_chunks_in_place: 1.
 - new_chunks_are_fully_committed: 0.
 - uncommit_free_chunks: 1.
 - use_allocation_guard: 0.


Internal statistics:

num_allocs_failed_limit: 0.
num_arena_births: 60.
num_arena_deaths: 0.
num_vsnodes_births: 2.
num_vsnodes_deaths: 0.
num_space_committed: 123.
num_space_uncommitted: 0.
num_chunks_returned_to_freelist: 0.
num_chunks_taken_from_freelist: 311.
num_chunk_merges: 0.
num_chunk_splits: 224.
num_chunks_enlarged: 182.
num_inconsistent_stats: 0.

CodeHeap 'non-profiled nmethods': size=120000Kb used=226Kb max_used=226Kb free=119774Kb
 bounds [0x000001c2b01c0000, 0x000001c2b0430000, 0x000001c2b76f0000]
CodeHeap 'profiled nmethods': size=120000Kb used=1363Kb max_used=1363Kb free=118637Kb
 bounds [0x000001c2a8c90000, 0x000001c2a8f00000, 0x000001c2b01c0000]
CodeHeap 'non-nmethods': size=5760Kb used=1134Kb max_used=1150Kb free=4625Kb
 bounds [0x000001c2a86f0000, 0x000001c2a8960000, 0x000001c2a8c90000]
 total_blobs=1226 nmethods=820 adapters=320
 compilation: enabled
              stopped_count=0, restarted_count=0
 full_count=0

Compilation events (20 events):
Event: 2.398 Thread 0x000001c2bc7086b0 nmethod 811 0x000001c2a8ddef90 code [0x000001c2a8ddf120, 0x000001c2a8ddf298]
Event: 2.399 Thread 0x000001c2bc7086b0  812   !   3       java.lang.invoke.MethodHandle::setVarargs (25 bytes)
Event: 2.399 Thread 0x000001c2bc7086b0 nmethod 812 0x000001c2a8ddf310 code [0x000001c2a8ddf520, 0x000001c2a8ddfbd8]
Event: 2.402 Thread 0x000001c2bc7086b0  813       3       java.lang.invoke.MethodHandleNatives::isCallerSensitive (29 bytes)
Event: 2.403 Thread 0x000001c2bc7086b0 nmethod 813 0x000001c2a8ddfe10 code [0x000001c2a8de0000, 0x000001c2a8de0588]
Event: 2.403 Thread 0x000001c2bc7086b0  814       3       java.lang.invoke.MethodHandleNatives::canBeCalledVirtual (50 bytes)
Event: 2.404 Thread 0x000001c2bc7086b0 nmethod 814 0x000001c2a8de0790 code [0x000001c2a8de0980, 0x000001c2a8de0e48]
Event: 2.406 Thread 0x000001c2bc7086b0  815       3       java.util.LinkedHashMap$LinkedHashIterator::nextNode (54 bytes)
Event: 2.406 Thread 0x000001c2bc7086b0 nmethod 815 0x000001c2a8de1010 code [0x000001c2a8de11e0, 0x000001c2a8de1578]
Event: 2.407 Thread 0x000001c2bc7086b0  816       3       sun.invoke.util.VerifyAccess::isMemberAccessible (338 bytes)
Event: 2.409 Thread 0x000001c2bc7086b0 nmethod 816 0x000001c2a8de1710 code [0x000001c2a8de1aa0, 0x000001c2a8de2e48]
Event: 2.411 Thread 0x000001c2bc7086b0  817       3       java.util.LinkedHashMap::newNode (23 bytes)
Event: 2.411 Thread 0x000001c2bc7086b0 nmethod 817 0x000001c2a8de3390 code [0x000001c2a8de3560, 0x000001c2a8de3948]
Event: 2.411 Thread 0x000001c2bc7086b0  818       3       java.util.LinkedHashMap$Entry::<init> (10 bytes)
Event: 2.412 Thread 0x000001c2bc706db0  820       4       java.util.HashMap::put (13 bytes)
Event: 2.412 Thread 0x000001c2bc7086b0 nmethod 818 0x000001c2a8de3b10 code [0x000001c2a8de3cc0, 0x000001c2a8de3f98]
Event: 2.412 Thread 0x000001c2bc7086b0  819       3       java.util.LinkedHashMap::afterNodeInsertion (40 bytes)
Event: 2.412 Thread 0x000001c2bc7086b0 nmethod 819 0x000001c2a8de4090 code [0x000001c2a8de4240, 0x000001c2a8de4438]
Event: 2.413 Thread 0x000001c2bc7086b0  821       3       com.sun.tools.javac.util.List::contains (45 bytes)
Event: 2.413 Thread 0x000001c2bc7086b0 nmethod 821 0x000001c2a8de4510 code [0x000001c2a8de46e0, 0x000001c2a8de4aa8]

GC Heap History (9 events):
Event: 1.395 GC heap before
{Heap before GC invocations=0 (full 0):
 garbage-first heap   total 8192K, used 2048K [0x00000000c2800000, 0x0000000100000000)
  region size 1024K, 3 young (3072K), 0 survivors (0K)
 Metaspace       used 2673K, committed 2816K, reserved 1114112K
  class space    used 339K, committed 384K, reserved 1048576K
}
Event: 1.489 GC heap after
{Heap after GC invocations=1 (full 0):
 garbage-first heap   total 8192K, used 1256K [0x00000000c2800000, 0x0000000100000000)
  region size 1024K, 1 young (1024K), 1 survivors (1024K)
 Metaspace       used 2673K, committed 2816K, reserved 1114112K
  class space    used 339K, committed 384K, reserved 1048576K
}
Event: 1.869 GC heap before
{Heap before GC invocations=1 (full 0):
 garbage-first heap   total 8192K, used 1256K [0x00000000c2800000, 0x0000000100000000)
  region size 1024K, 2 young (2048K), 1 survivors (1024K)
 Metaspace       used 5066K, committed 5248K, reserved 1114112K
  class space    used 604K, committed 704K, reserved 1048576K
}
Event: 1.873 GC heap after
{Heap after GC invocations=2 (full 0):
 garbage-first heap   total 8192K, used 1724K [0x00000000c2800000, 0x0000000100000000)
  region size 1024K, 1 young (1024K), 1 survivors (1024K)
 Metaspace       used 5066K, committed 5248K, reserved 1114112K
  class space    used 604K, committed 704K, reserved 1048576K
}
Event: 2.034 GC heap before
{Heap before GC invocations=2 (full 0):
 garbage-first heap   total 8192K, used 2748K [0x00000000c2800000, 0x0000000100000000)
  region size 1024K, 2 young (2048K), 1 survivors (1024K)
 Metaspace       used 6479K, committed 6592K, reserved 1114112K
  class space    used 762K, committed 832K, reserved 1048576K
}
Event: 2.036 GC heap after
{Heap after GC invocations=3 (full 0):
 garbage-first heap   total 8192K, used 2089K [0x00000000c2800000, 0x0000000100000000)
  region size 1024K, 1 young (1024K), 1 survivors (1024K)
 Metaspace       used 6479K, committed 6592K, reserved 1114112K
  class space    used 762K, committed 832K, reserved 1048576K
}
Event: 2.241 GC heap before
{Heap before GC invocations=3 (full 0):
 garbage-first heap   total 8192K, used 3113K [0x00000000c2800000, 0x0000000100000000)
  region size 1024K, 2 young (2048K), 1 survivors (1024K)
 Metaspace       used 7459K, committed 7616K, reserved 1114112K
  class space    used 845K, committed 896K, reserved 1048576K
}
Event: 2.244 GC heap after
{Heap after GC invocations=4 (full 0):
 garbage-first heap   total 8192K, used 2402K [0x00000000c2800000, 0x0000000100000000)
  region size 1024K, 1 young (1024K), 1 survivors (1024K)
 Metaspace       used 7459K, committed 7616K, reserved 1114112K
  class space    used 845K, committed 896K, reserved 1048576K
}
Event: 2.419 GC heap before
{Heap before GC invocations=4 (full 0):
 garbage-first heap   total 8192K, used 3426K [0x00000000c2800000, 0x0000000100000000)
  region size 1024K, 2 young (2048K), 1 survivors (1024K)
 Metaspace       used 7696K, committed 7872K, reserved 1114112K
  class space    used 870K, committed 896K, reserved 1048576K
}

Deoptimization events (20 events):
Event: 0.756 Thread 0x000001c29f5ade00 DEOPT PACKING pc=0x000001c2b01cc1dc sp=0x00000013542fe560
Event: 0.756 Thread 0x000001c29f5ade00 DEOPT UNPACKING pc=0x000001c2a874239d sp=0x00000013542fe4e8 mode 2
Event: 0.756 Thread 0x000001c29f5ade00 Uncommon trap: trap_request=0xffffffc6 fr.pc=0x000001c2b01cc1dc relative=0x00000000000008bc
Event: 0.756 Thread 0x000001c29f5ade00 Uncommon trap: reason=bimorphic_or_optimized_type_check action=maybe_recompile pc=0x000001c2b01cc1dc method=java.util.HashMap.putVal(ILjava/lang/Object;Ljava/lang/Object;ZZ)Ljava/lang/Object; @ 56 c2
Event: 0.756 Thread 0x000001c29f5ade00 DEOPT PACKING pc=0x000001c2b01cc1dc sp=0x00000013542fe560
Event: 0.756 Thread 0x000001c29f5ade00 DEOPT UNPACKING pc=0x000001c2a874239d sp=0x00000013542fe4e8 mode 2
Event: 1.376 Thread 0x000001c29f5ade00 DEOPT PACKING pc=0x000001c2a8cbd067 sp=0x00000013542f8e60
Event: 1.376 Thread 0x000001c29f5ade00 DEOPT UNPACKING pc=0x000001c2a8742b24 sp=0x00000013542f8280 mode 0
Event: 1.933 Thread 0x000001c29f5ade00 Uncommon trap: trap_request=0xffffff45 fr.pc=0x000001c2b01d8cc0 relative=0x0000000000000940
Event: 1.933 Thread 0x000001c29f5ade00 Uncommon trap: reason=unstable_if action=reinterpret pc=0x000001c2b01d8cc0 method=java.util.HashMap.putVal(ILjava/lang/Object;Ljava/lang/Object;ZZ)Ljava/lang/Object; @ 181 c2
Event: 1.933 Thread 0x000001c29f5ade00 DEOPT PACKING pc=0x000001c2b01d8cc0 sp=0x00000013542fe5d0
Event: 1.933 Thread 0x000001c29f5ade00 DEOPT UNPACKING pc=0x000001c2a874239d sp=0x00000013542fe580 mode 2
Event: 2.062 Thread 0x000001c29f5ade00 Uncommon trap: trap_request=0xffffff45 fr.pc=0x000001c2b01e46bc relative=0x00000000000004fc
Event: 2.062 Thread 0x000001c29f5ade00 Uncommon trap: reason=unstable_if action=reinterpret pc=0x000001c2b01e46bc method=java.lang.StringLatin1.replace([BCC)Ljava/lang/String; @ 19 c2
Event: 2.062 Thread 0x000001c29f5ade00 DEOPT PACKING pc=0x000001c2b01e46bc sp=0x00000013542fee60
Event: 2.062 Thread 0x000001c29f5ade00 DEOPT UNPACKING pc=0x000001c2a874239d sp=0x00000013542fede0 mode 2
Event: 2.349 Thread 0x000001c29f5ade00 Uncommon trap: trap_request=0xffffff45 fr.pc=0x000001c2b01f6a08 relative=0x0000000000000208
Event: 2.349 Thread 0x000001c29f5ade00 Uncommon trap: reason=unstable_if action=reinterpret pc=0x000001c2b01f6a08 method=com.sun.tools.javac.util.Name$Table.equals([BI[BII)Z @ 22 c2
Event: 2.349 Thread 0x000001c29f5ade00 DEOPT PACKING pc=0x000001c2b01f6a08 sp=0x00000013542fe2b0
Event: 2.349 Thread 0x000001c29f5ade00 DEOPT UNPACKING pc=0x000001c2a874239d sp=0x00000013542fe228 mode 2

Classes loaded (20 events):
Event: 2.179 Loading class java/util/Collections$SingletonList
Event: 2.182 Loading class java/util/Collections$SingletonList done
Event: 2.207 Loading class java/util/LinkedHashMap$LinkedValues
Event: 2.207 Loading class java/util/LinkedHashMap$LinkedValues done
Event: 2.208 Loading class java/util/LinkedHashMap$LinkedValueIterator
Event: 2.208 Loading class java/util/LinkedHashMap$LinkedValueIterator done
Event: 2.208 Loading class java/util/regex/Pattern$Bound
Event: 2.208 Loading class java/util/regex/Pattern$Bound done
Event: 2.254 Loading class java/util/BitSet
Event: 2.254 Loading class java/util/BitSet done
Event: 2.270 Loading class java/util/stream/MatchOps$MatchKind
Event: 2.272 Loading class java/util/stream/MatchOps$MatchKind done
Event: 2.272 Loading class java/util/stream/MatchOps
Event: 2.273 Loading class java/util/stream/MatchOps done
Event: 2.273 Loading class java/util/stream/MatchOps$MatchOp
Event: 2.273 Loading class java/util/stream/MatchOps$MatchOp done
Event: 2.273 Loading class java/util/stream/MatchOps$BooleanTerminalSink
Event: 2.273 Loading class java/util/stream/MatchOps$BooleanTerminalSink done
Event: 2.274 Loading class java/util/stream/MatchOps$1MatchSink
Event: 2.274 Loading class java/util/stream/MatchOps$1MatchSink done

Classes unloaded (0 events):
No events

Classes redefined (0 events):
No events

Internal exceptions (15 events):
Event: 0.751 Thread 0x000001c29f5ade00 Exception <a 'java/lang/NoSuchMethodError'{0x00000000c2ee90c8}: 'void java.lang.invoke.DirectMethodHandle$Holder.invokeSpecial(java.lang.Object, java.lang.Object, java.lang.Object)'> (0x00000000c2ee90c8) 
thrown [s\open\src\hotspot\share\interpreter\linkResolver.cpp, line 759]
Event: 0.849 Thread 0x000001c29f5ade00 Exception <a 'java/lang/NoSuchMethodError'{0x00000000c2d2e8d0}: 'int java.lang.invoke.DirectMethodHandle$Holder.invokeVirtual(java.lang.Object, java.lang.Object, java.lang.Object)'> (0x00000000c2d2e8d0) 
thrown [s\open\src\hotspot\share\interpreter\linkResolver.cpp, line 759]
Event: 0.874 Thread 0x000001c29f5ade00 Exception <a 'java/lang/NoSuchMethodError'{0x00000000c2d35228}: 'void java.lang.invoke.DirectMethodHandle$Holder.invokeInterface(java.lang.Object, java.lang.Object, java.lang.Object)'> (0x00000000c2d35228) 
thrown [s\open\src\hotspot\share\interpreter\linkResolver.cpp, line 759]
Event: 0.990 Thread 0x000001c29f5ade00 Exception <a 'java/lang/NoSuchMethodError'{0x00000000c2d64a98}: 'java.lang.Object java.lang.invoke.DirectMethodHandle$Holder.invokeStaticInit(java.lang.Object)'> (0x00000000c2d64a98) 
thrown [s\open\src\hotspot\share\interpreter\linkResolver.cpp, line 759]
Event: 1.687 Thread 0x000001c29f5ade00 Exception <a 'java/lang/NoSuchMethodError'{0x00000000c2f75d88}: 'int java.lang.invoke.DirectMethodHandle$Holder.invokeStaticInit(java.lang.Object, java.lang.Object)'> (0x00000000c2f75d88) 
thrown [s\open\src\hotspot\share\interpreter\linkResolver.cpp, line 759]
Event: 1.906 Thread 0x000001c29f5ade00 Exception <a 'java/lang/NoSuchMethodError'{0x00000000c2f32ab0}: 'int java.lang.invoke.DirectMethodHandle$Holder.invokeVirtual(java.lang.Object, java.lang.Object)'> (0x00000000c2f32ab0) 
thrown [s\open\src\hotspot\share\interpreter\linkResolver.cpp, line 759]
Event: 1.918 Thread 0x000001c29f5ade00 Exception <a 'java/lang/NoSuchMethodError'{0x00000000c2f5b980}: 'java.lang.Object java.lang.invoke.DirectMethodHandle$Holder.newInvokeSpecial(java.lang.Object, java.lang.Object, java.lang.Object, java.lang.Object, java.lang.Object)'> (0x00000000c2f5b980) 
thrown [s\open\src\hotspot\share\interpreter\linkResolver.cpp, line 759]
Event: 1.924 Thread 0x000001c29f5ade00 Exception <a 'java/lang/NoSuchMethodError'{0x00000000c2f6a4c8}: 'java.lang.Object java.lang.invoke.DirectMethodHandle$Holder.newInvokeSpecial(java.lang.Object, java.lang.Object, java.lang.Object, java.lang.Object, java.lang.Object, java.lang.Object)'> (0x00000000c2f6a4c8) 
thrown [s\open\src\hotspot\share\interpreter\linkResolver.cpp, line 759]
Event: 1.967 Thread 0x000001c29f5ade00 Exception <a 'java/lang/NoSuchMethodError'{0x00000000c2fb4990}: 'java.lang.Object java.lang.invoke.DirectMethodHandle$Holder.invokeVirtual(java.lang.Object, java.lang.Object, java.lang.Object)'> (0x00000000c2fb4990) 
thrown [s\open\src\hotspot\share\interpreter\linkResolver.cpp, line 759]
Event: 1.975 Thread 0x000001c29f5ade00 Exception <a 'java/lang/NoSuchMethodError'{0x00000000c2fbfbe0}: 'int java.lang.invoke.DirectMethodHandle$Holder.invokeInterface(java.lang.Object, java.lang.Object)'> (0x00000000c2fbfbe0) 
thrown [s\open\src\hotspot\share\interpreter\linkResolver.cpp, line 759]
Event: 1.978 Thread 0x000001c29f5ade00 Exception <a 'sun/nio/fs/WindowsException'{0x00000000c2fc64a0}> (0x00000000c2fc64a0) 
thrown [s\open\src\hotspot\share\prims\jni.cpp, line 516]
Event: 1.978 Thread 0x000001c29f5ade00 Exception <a 'sun/nio/fs/WindowsException'{0x00000000c2fc6860}> (0x00000000c2fc6860) 
thrown [s\open\src\hotspot\share\prims\jni.cpp, line 516]
Event: 2.257 Thread 0x000001c29f5ade00 Exception <a 'java/lang/NoSuchMethodError'{0x00000000c2f17ef8}: 'java.lang.Object java.lang.invoke.DirectMethodHandle$Holder.invokeVirtual(java.lang.Object, java.lang.Object, java.lang.Object, int, int)'> (0x00000000c2f17ef8) 
thrown [s\open\src\hotspot\share\interpreter\linkResolver.cpp, line 759]
Event: 2.259 Thread 0x000001c29f5ade00 Exception <a 'java/lang/NoSuchMethodError'{0x00000000c2f1f010}: 'java.lang.Object java.lang.invoke.DirectMethodHandle$Holder.invokeVirtual(java.lang.Object, java.lang.Object, int)'> (0x00000000c2f1f010) 
thrown [s\open\src\hotspot\share\interpreter\linkResolver.cpp, line 759]
Event: 2.264 Thread 0x000001c29f5ade00 Exception <a 'java/lang/NoSuchMethodError'{0x00000000c2f2b8d0}: 'java.lang.Object java.lang.invoke.DirectMethodHandle$Holder.invokeSpecial(java.lang.Object, java.lang.Object, java.lang.Object, int, int)'> (0x00000000c2f2b8d0) 
thrown [s\open\src\hotspot\share\interpreter\linkResolver.cpp, line 759]

VM Operations (20 events):
Event: 0.144 Executing VM operation: HandshakeAllThreads done
Event: 0.756 Executing VM operation: HandshakeAllThreads
Event: 0.756 Executing VM operation: HandshakeAllThreads done
Event: 1.111 Executing VM operation: HandshakeAllThreads
Event: 1.111 Executing VM operation: HandshakeAllThreads done
Event: 1.111 Executing VM operation: Cleanup
Event: 1.111 Executing VM operation: Cleanup done
Event: 1.394 Executing VM operation: G1CollectForAllocation
Event: 1.489 Executing VM operation: G1CollectForAllocation done
Event: 1.869 Executing VM operation: G1CollectForAllocation
Event: 1.873 Executing VM operation: G1CollectForAllocation done
Event: 1.985 Executing VM operation: HandshakeAllThreads
Event: 1.985 Executing VM operation: HandshakeAllThreads done
Event: 2.034 Executing VM operation: G1CollectForAllocation
Event: 2.036 Executing VM operation: G1CollectForAllocation done
Event: 2.164 Executing VM operation: HandshakeAllThreads
Event: 2.165 Executing VM operation: HandshakeAllThreads done
Event: 2.241 Executing VM operation: G1CollectForAllocation
Event: 2.244 Executing VM operation: G1CollectForAllocation done
Event: 2.419 Executing VM operation: G1CollectForAllocation

Events (17 events):
Event: 0.018 Loaded shared library C:\Program Files\Java\jdk-18.0.2.1\bin\java.dll
Event: 0.035 Loaded shared library C:\Program Files\Java\jdk-18.0.2.1\bin\jsvml.dll
Event: 0.036 Thread 0x000001c29f5ade00 Thread added: 0x000001c29f5ade00
Event: 0.045 Thread 0x000001c29f67bec0 Thread added: 0x000001c29f67bec0
Event: 0.046 Thread 0x000001c29f67d000 Thread added: 0x000001c29f67d000
Event: 0.067 Thread 0x000001c2bc7030e0 Thread added: 0x000001c2bc7030e0
Event: 0.067 Thread 0x000001c2bc703a80 Thread added: 0x000001c2bc703a80
Event: 0.067 Thread 0x000001c2bc704420 Thread added: 0x000001c2bc704420
Event: 0.068 Thread 0x000001c2bc704dc0 Thread added: 0x000001c2bc704dc0
Event: 0.068 Thread 0x000001c2bc706db0 Thread added: 0x000001c2bc706db0
Event: 0.070 Thread 0x000001c2bc7086b0 Thread added: 0x000001c2bc7086b0
Event: 0.072 Thread 0x000001c2bc709740 Thread added: 0x000001c2bc709740
Event: 0.117 Thread 0x000001c2bc808200 Thread added: 0x000001c2bc808200
Event: 0.184 Thread 0x000001c2c0ce6c00 Thread added: 0x000001c2c0ce6c00
Event: 0.192 Loaded shared library C:\Program Files\Java\jdk-18.0.2.1\bin\jimage.dll
Event: 0.783 Loaded shared library C:\Program Files\Java\jdk-18.0.2.1\bin\net.dll
Event: 0.792 Loaded shared library C:\Program Files\Java\jdk-18.0.2.1\bin\nio.dll


Dynamic libraries:
0x00007ff775530000 - 0x00007ff775538000 	C:\Program Files\Java\jdk-18.0.2.1\bin\javac.exe
0x00007fffcef80000 - 0x00007fffcf189000 	C:\WINDOWS\SYSTEM32\ntdll.dll
0x00007fffcdef0000 - 0x00007fffcdfad000 	C:\WINDOWS\System32\KERNEL32.DLL
0x00007fffcc8d0000 - 0x00007fffccc4d000 	C:\WINDOWS\System32\KERNELBASE.dll
0x00007fffccc50000 - 0x00007fffccd61000 	C:\WINDOWS\System32\ucrtbase.dll
0x00007fffb9b60000 - 0x00007fffb9b78000 	C:\Program Files\Java\jdk-18.0.2.1\bin\jli.dll
0x00007fffcd060000 - 0x00007fffcd10e000 	C:\WINDOWS\System32\ADVAPI32.dll
0x00007fffcd110000 - 0x00007fffcd1b3000 	C:\WINDOWS\System32\msvcrt.dll
0x00007fffcd1e0000 - 0x00007fffcd27e000 	C:\WINDOWS\System32\sechost.dll
0x00007fffce670000 - 0x00007fffce790000 	C:\WINDOWS\System32\RPCRT4.dll
0x00007fffcd280000 - 0x00007fffcd42d000 	C:\WINDOWS\System32\USER32.dll
0x00007fffcc460000 - 0x00007fffcc486000 	C:\WINDOWS\System32\win32u.dll
0x00007fffcd570000 - 0x00007fffcd599000 	C:\WINDOWS\System32\GDI32.dll
0x00007fffcc5d0000 - 0x00007fffcc6e8000 	C:\WINDOWS\System32\gdi32full.dll
0x00007fffccd70000 - 0x00007fffcce0d000 	C:\WINDOWS\System32\msvcp_win.dll
0x00007fffb9b40000 - 0x00007fffb9b5a000 	C:\Program Files\Java\jdk-18.0.2.1\bin\VCRUNTIME140.dll
0x00007fffcb670000 - 0x00007fffcb915000 	C:\WINDOWS\WinSxS\amd64_microsoft.windows.common-controls_6595b64144ccf1df_6.0.22000.120_none_9d947278b86cc467\COMCTL32.dll
0x00007fffc93e0000 - 0x00007fffc93ea000 	C:\WINDOWS\SYSTEM32\VERSION.dll
0x00007fffcd020000 - 0x00007fffcd051000 	C:\WINDOWS\System32\IMM32.DLL
0x00007fffbabe0000 - 0x00007fffbabec000 	C:\Program Files\Java\jdk-18.0.2.1\bin\vcruntime140_1.dll
0x00007fff87d70000 - 0x00007fff87dfd000 	C:\Program Files\Java\jdk-18.0.2.1\bin\msvcp140.dll
0x00007fff538e0000 - 0x00007fff544f1000 	C:\Program Files\Java\jdk-18.0.2.1\bin\server\jvm.dll
0x00007fffce820000 - 0x00007fffce828000 	C:\WINDOWS\System32\PSAPI.DLL
0x00007fffcaac0000 - 0x00007fffcaac9000 	C:\WINDOWS\SYSTEM32\WSOCK32.dll
0x00007fffce8a0000 - 0x00007fffce90f000 	C:\WINDOWS\System32\WS2_32.dll
0x00007fffc5420000 - 0x00007fffc5453000 	C:\WINDOWS\SYSTEM32\WINMM.dll
0x00007fffcb370000 - 0x00007fffcb388000 	C:\WINDOWS\SYSTEM32\kernel.appcore.dll
0x00007fffbab30000 - 0x00007fffbab3a000 	C:\Program Files\Java\jdk-18.0.2.1\bin\jimage.dll
0x00007fffcbd10000 - 0x00007fffcbf31000 	C:\WINDOWS\SYSTEM32\DBGHELP.DLL
0x00007fffcbbe0000 - 0x00007fffcbc11000 	C:\WINDOWS\SYSTEM32\dbgcore.DLL
0x00007fffcc550000 - 0x00007fffcc5cf000 	C:\WINDOWS\System32\bcryptPrimitives.dll
0x00007fffb3380000 - 0x00007fffb33a5000 	C:\Program Files\Java\jdk-18.0.2.1\bin\java.dll
0x00007fff87610000 - 0x00007fff876e6000 	C:\Program Files\Java\jdk-18.0.2.1\bin\jsvml.dll
0x00007fffcd6c0000 - 0x00007fffcde78000 	C:\WINDOWS\System32\SHELL32.dll
0x00007fffc96c0000 - 0x00007fffc9f28000 	C:\WINDOWS\SYSTEM32\windows.storage.dll
0x00007fffcebc0000 - 0x00007fffcef39000 	C:\WINDOWS\System32\combase.dll
0x00007fffc9550000 - 0x00007fffc96b6000 	C:\WINDOWS\SYSTEM32\wintypes.dll
0x00007fffce910000 - 0x00007fffce9fa000 	C:\WINDOWS\System32\SHCORE.dll
0x00007fffcde90000 - 0x00007fffcdeed000 	C:\WINDOWS\System32\shlwapi.dll
0x00007fffcc390000 - 0x00007fffcc3b1000 	C:\WINDOWS\SYSTEM32\profapi.dll
0x00007fffb9fc0000 - 0x00007fffb9fd3000 	C:\Program Files\Java\jdk-18.0.2.1\bin\net.dll
0x00007fffc2c90000 - 0x00007fffc2d9c000 	C:\WINDOWS\SYSTEM32\WINHTTP.dll
0x00007fffcb390000 - 0x00007fffcb3f7000 	C:\WINDOWS\system32\mswsock.dll
0x00007fffb8440000 - 0x00007fffb8456000 	C:\Program Files\Java\jdk-18.0.2.1\bin\nio.dll

dbghelp: loaded successfully - version: 4.0.5 - missing functions: none
symbol engine: initialized successfully - sym options: 0x614 - pdb path: .;C:\Program Files\Java\jdk-18.0.2.1\bin;C:\WINDOWS\SYSTEM32;C:\WINDOWS\WinSxS\amd64_microsoft.windows.common-controls_6595b64144ccf1df_6.0.22000.120_none_9d947278b86cc467;C:\Program Files\Java\jdk-18.0.2.1\bin\server

VM Arguments:
jvm_args: -Dapplication.home=C:\Program Files\Java\jdk-18.0.2.1 --add-modules=ALL-DEFAULT -Xms8m -Djdk.module.main=jdk.compiler 
java_command: jdk.compiler/com.sun.tools.javac.Main HolaMundoApplication.java
java_class_path (initial): <not set>
Launcher Type: SUN_STANDARD

[Global flags]
     intx CICompilerCount                          = 3                                         {product} {ergonomic}
     uint ConcGCThreads                            = 1                                         {product} {ergonomic}
     uint G1ConcRefinementThreads                  = 4                                         {product} {ergonomic}
   size_t G1HeapRegionSize                         = 1048576                                   {product} {ergonomic}
    uintx GCDrainStackTargetSize                   = 64                                        {product} {ergonomic}
   size_t InitialHeapSize                          = 8388608                                   {product} {command line}
   size_t MarkStackSize                            = 4194304                                   {product} {ergonomic}
   size_t MaxHeapSize                              = 1031798784                                {product} {ergonomic}
   size_t MaxNewSize                               = 618659840                                 {product} {ergonomic}
   size_t MinHeapDeltaBytes                        = 1048576                                   {product} {ergonomic}
   size_t MinHeapSize                              = 8388608                                   {product} {command line}
    uintx NonNMethodCodeHeapSize                   = 5832780                                {pd product} {ergonomic}
    uintx NonProfiledCodeHeapSize                  = 122912730                              {pd product} {ergonomic}
    uintx ProfiledCodeHeapSize                     = 122912730                              {pd product} {ergonomic}
    uintx ReservedCodeCacheSize                    = 251658240                              {pd product} {ergonomic}
     bool SegmentedCodeCache                       = true                                      {product} {ergonomic}
   size_t SoftMaxHeapSize                          = 1031798784                             {manageable} {ergonomic}
     bool UseCompressedClassPointers               = true                           {product lp64_product} {ergonomic}
     bool UseCompressedOops                        = true                           {product lp64_product} {ergonomic}
     bool UseG1GC                                  = true                                      {product} {ergonomic}
     bool UseLargePagesIndividualAllocation        = false                                  {pd product} {ergonomic}

Logging:
Log output configuration:
 #0: stdout all=warning uptime,level,tags foldmultilines=false
 #1: stderr all=off uptime,level,tags foldmultilines=false

Environment Variables:
PATH=C:\Program Files\Common Files\Oracle\Java\javapath;C:\WINDOWS\system32;C:\WINDOWS;C:\WINDOWS\System32\Wbem;C:\WINDOWS\System32\WindowsPowerShell\v1.0\;C:\WINDOWS\System32\OpenSSH\;C:\Users\deysi\AppData\Local\Microsoft\WindowsApps;C:\Users\deysi\AppData\Local\GitHubDesktop\bin;C:\Users\deysi\AppData\Local\Programs\Microsoft VS Code\bin
USERNAME=deysi
LANG=es_419.UTF-8
OS=Windows_NT
PROCESSOR_IDENTIFIER=Intel64 Family 6 Model 142 Stepping 12, GenuineIntel



---------------  S Y S T E M  ---------------

OS:
 Windows 11 , 64 bit Build 22000 (10.0.22000.708)
OS uptime: 6 days 13:57 hours

CPU: total 4 (initial active 4) (2 cores per cpu, 2 threads per core) family 6 model 142 stepping 12 microcode 0xec, cx8, cmov, fxsr, ht, mmx, 3dnowpref, sse, sse2, sse3, ssse3, sse4.1, sse4.2, popcnt, lzcnt, tsc, tscinvbit, aes, erms, clmul, clflush, clflushopt

Memory: 4k page, system-wide physical 3930M (92M free)
TotalPageFile size 16218M (AvailPageFile size 3M)
current process WorkingSet (physical memory assigned to process): 56M, peak: 56M
current process commit charge ("private bytes"): 89M, peak: 91M

vm_info: Java HotSpot(TM) 64-Bit Server VM (18.0.2.1+1-1) for windows-amd64 JRE (18.0.2.1+1-1), built on Aug 16 2022 01:46:33 by "mach5one" with MS VC++ 16.8 / 16.9 (VS2019)

END.
